//Axe update log
//*********  20170904 Axe119 (xe129C)released *********
//*********  20170305 Axe118         released *********
//vb12 2017/02/28 WebView:PictureListener was deprecated API-12(Android3.1.x honeycomb MR1)
//                AxeDlgWebView.java
//2015/06/02 Axe116(xe 128A) release ********************************
//vb11 2015/06/01 formatted="false" for %(alternative is %%)
//                values/strings.html
//vb10 2014/12/08 (Asgts:1A4x) (Bug)Clipboard (String)item.getText() may cause invalid cast exception; .toString() is valid
//*********  20141201 Axe115         released *********
//vb05 2014/12/01 ndk release version missing NOTRACE option,but NDEBUG is not applicable(always set)
//                change "ifndef NOTRACE" to "ifdef TRACE"
//                Now trace is available when made mkjnidbg(-DTRACE)
//                jnij2c.c utrace.h
//vb04 2014/12/01 ndk crash:utraceopen faile by err=1e for utrace.out
//                mkjni compile with NOTRACE(utracefile is utrace.out)
//                no release version is debugmoed:true and allow trace option settion
//                when trace set on,open utrace.out
//                jnij2c set sdcard/utrace.out when !NOTRACE
//                it should be sdcard/utrace.out also when NOTRACE like as !NOTRACE case
//                ndkbuild used to make release version no NOTRACE macro may be used,
//                then sdcard/utrace.out is applyed but never opened
//                jnij2c.c
//vb04 2014/11/30 FileDialog:change sort button color,assending descending
//                AxeDlgFileChooser
//vb03 2014/11/30 FileDialog:keep also sort type between reopen dialog
//                AxeLstFileChooser
//vb02 2014/11/29 FileDialog:enclose selected filename is space embedding
//                AxeDlgFileChooser
//vb01 2014/11/29 FileDialog:selected filename is invalid after list sorted if filter was set
//                AxeLstFileChooser
//*********  20141126 Axe112/113/114 released *********
//================ See xe.hst for before this point =======================================
